/var/lib/gems/2.5.0/gems/unicorn-5.4.1/lib/unicorn/http_server.rb:190:in `rename': Text file busy @ rb_file_s_rename - (/vagrant/pizza_delivery/shared/pids/0.8299800566943032.28335, /vagrant/pizza_delivery/shared/pids/unicorn.pid) (Errno::ETXTBSY)
	from /var/lib/gems/2.5.0/gems/unicorn-5.4.1/lib/unicorn/http_server.rb:190:in `clobber_pid'
	from /var/lib/gems/2.5.0/gems/unicorn-5.4.1/lib/unicorn/http_server.rb:220:in `pid='
	from /var/lib/gems/2.5.0/gems/unicorn-5.4.1/lib/unicorn/http_server.rb:137:in `start'
	from /var/lib/gems/2.5.0/gems/unicorn-5.4.1/bin/unicorn:126:in `<top (required)>'
	from /usr/local/bin/unicorn:23:in `load'
	from /usr/local/bin/unicorn:23:in `<main>'
/var/lib/gems/2.5.0/gems/unicorn-5.4.1/lib/unicorn/http_server.rb:190:in `rename': Text file busy @ rb_file_s_rename - (/vagrant/pizza_delivery/shared/pids/0.050139305037777526.28355, /vagrant/pizza_delivery/shared/pids/unicorn.pid) (Errno::ETXTBSY)
	from /var/lib/gems/2.5.0/gems/unicorn-5.4.1/lib/unicorn/http_server.rb:190:in `clobber_pid'
	from /var/lib/gems/2.5.0/gems/unicorn-5.4.1/lib/unicorn/http_server.rb:220:in `pid='
	from /var/lib/gems/2.5.0/gems/unicorn-5.4.1/lib/unicorn/http_server.rb:137:in `start'
	from /var/lib/gems/2.5.0/gems/unicorn-5.4.1/bin/unicorn:126:in `<top (required)>'
	from /usr/local/bin/unicorn:23:in `load'
	from /usr/local/bin/unicorn:23:in `<main>'
/var/lib/gems/2.5.0/gems/unicorn-5.4.1/lib/unicorn/http_server.rb:190:in `rename': Text file busy @ rb_file_s_rename - (/vagrant/pizza_delivery/shared/pids/0.25097565796347965.28364, /vagrant/pizza_delivery/shared/pids/unicorn.pid) (Errno::ETXTBSY)
	from /var/lib/gems/2.5.0/gems/unicorn-5.4.1/lib/unicorn/http_server.rb:190:in `clobber_pid'
	from /var/lib/gems/2.5.0/gems/unicorn-5.4.1/lib/unicorn/http_server.rb:220:in `pid='
	from /var/lib/gems/2.5.0/gems/unicorn-5.4.1/lib/unicorn/http_server.rb:137:in `start'
	from /var/lib/gems/2.5.0/gems/unicorn-5.4.1/bin/unicorn:126:in `<top (required)>'
	from /usr/local/bin/unicorn:23:in `load'
	from /usr/local/bin/unicorn:23:in `<main>'
I, [2018-08-05T23:00:56.685672 #28027]  INFO -- : Refreshing Gem list
config.eager_load is set to nil. Please update your config/environments/*.rb files accordingly:

  * development - set it to false
  * test - set it to false (unless you use a tool that preloads your test environment)
  * production - set it to true

/var/lib/gems/2.5.0/gems/railties-5.2.0/lib/rails/application.rb:585:in `validate_secret_key_base': Missing `secret_key_base` for '-D' environment, set this string with `rails credentials:edit` (ArgumentError)
	from /var/lib/gems/2.5.0/gems/railties-5.2.0/lib/rails/application.rb:432:in `secret_key_base'
	from /var/lib/gems/2.5.0/gems/railties-5.2.0/lib/rails/application.rb:176:in `key_generator'
	from /var/lib/gems/2.5.0/gems/railties-5.2.0/lib/rails/application.rb:205:in `message_verifier'
	from /var/lib/gems/2.5.0/gems/activestorage-5.2.0/lib/active_storage/engine.rb:67:in `block (2 levels) in <class:Engine>'
	from /var/lib/gems/2.5.0/gems/activesupport-5.2.0/lib/active_support/lazy_load_hooks.rb:69:in `block in execute_hook'
	from /var/lib/gems/2.5.0/gems/activesupport-5.2.0/lib/active_support/lazy_load_hooks.rb:62:in `with_execution_control'
	from /var/lib/gems/2.5.0/gems/activesupport-5.2.0/lib/active_support/lazy_load_hooks.rb:67:in `execute_hook'
	from /var/lib/gems/2.5.0/gems/activesupport-5.2.0/lib/active_support/lazy_load_hooks.rb:52:in `block in run_load_hooks'
	from /var/lib/gems/2.5.0/gems/activesupport-5.2.0/lib/active_support/lazy_load_hooks.rb:51:in `each'
	from /var/lib/gems/2.5.0/gems/activesupport-5.2.0/lib/active_support/lazy_load_hooks.rb:51:in `run_load_hooks'
	from /var/lib/gems/2.5.0/gems/railties-5.2.0/lib/rails/application/finisher.rb:75:in `block in <module:Finisher>'
	from /var/lib/gems/2.5.0/gems/railties-5.2.0/lib/rails/initializable.rb:32:in `instance_exec'
	from /var/lib/gems/2.5.0/gems/railties-5.2.0/lib/rails/initializable.rb:32:in `run'
	from /var/lib/gems/2.5.0/gems/railties-5.2.0/lib/rails/initializable.rb:61:in `block in run_initializers'
	from /usr/lib/ruby/2.5.0/tsort.rb:228:in `block in tsort_each'
	from /usr/lib/ruby/2.5.0/tsort.rb:350:in `block (2 levels) in each_strongly_connected_component'
	from /usr/lib/ruby/2.5.0/tsort.rb:431:in `each_strongly_connected_component_from'
	from /usr/lib/ruby/2.5.0/tsort.rb:349:in `block in each_strongly_connected_component'
	from /usr/lib/ruby/2.5.0/tsort.rb:347:in `each'
	from /usr/lib/ruby/2.5.0/tsort.rb:347:in `call'
	from /usr/lib/ruby/2.5.0/tsort.rb:347:in `each_strongly_connected_component'
	from /usr/lib/ruby/2.5.0/tsort.rb:226:in `tsort_each'
	from /usr/lib/ruby/2.5.0/tsort.rb:205:in `tsort_each'
	from /var/lib/gems/2.5.0/gems/railties-5.2.0/lib/rails/initializable.rb:60:in `run_initializers'
	from /var/lib/gems/2.5.0/gems/railties-5.2.0/lib/rails/application.rb:361:in `initialize!'
	from /home/vagrant/pizza_delivery/config/environment.rb:5:in `<top (required)>'
	from config.ru:4:in `require_relative'
	from config.ru:4:in `block in <main>'
	from /var/lib/gems/2.5.0/gems/rack-2.0.5/lib/rack/builder.rb:55:in `instance_eval'
	from /var/lib/gems/2.5.0/gems/rack-2.0.5/lib/rack/builder.rb:55:in `initialize'
	from config.ru:1:in `new'
	from config.ru:1:in `<main>'
	from /var/lib/gems/2.5.0/gems/unicorn-5.4.1/lib/unicorn.rb:56:in `eval'
	from /var/lib/gems/2.5.0/gems/unicorn-5.4.1/lib/unicorn.rb:56:in `block in builder'
	from /var/lib/gems/2.5.0/gems/unicorn-5.4.1/lib/unicorn/http_server.rb:795:in `build_app!'
	from /var/lib/gems/2.5.0/gems/unicorn-5.4.1/lib/unicorn/http_server.rb:139:in `start'
	from /var/lib/gems/2.5.0/gems/unicorn-5.4.1/bin/unicorn:126:in `<top (required)>'
	from /usr/local/bin/unicorn:23:in `load'
	from /usr/local/bin/unicorn:23:in `<main>'
